Using pre-set license
Built from '2020.3/staging' branch; Version is '2020.3.0f1 (c7b5465681fb) revision 13088070'; Using compiler version '192528614'; Build Type 'Release'
OS: 'Windows 10 Home Single Language; OS build 19044.1766; Version 2009; 64bit' Language: 'ru' Physical Memory: 7129 MB
BatchMode: 1, IsHumanControllingUs: 0, StartBugReporterOnCrash: 0, Is64bit: 1, IsPro: 0

 COMMAND LINE ARGUMENTS:
C:\Program Files\Unity\Hub\Editor\2020.3.0f1\Editor\Unity.exe
-adb2
-batchMode
-noUpm
-name
AssetImportWorker3
-projectPath
E:/BunnyJump
-logFile
Logs/AssetImportWorker3.log
-srvPort
62352
Successfully changed project path to: E:/BunnyJump
E:/BunnyJump
Using Asset Import Pipeline V2.
Refreshing native plugins compatible for Editor in 131.26 ms, found 1 plugins.
Preloading 0 native plugins for Editor in 0.00 ms.
Initialize engine version: 2020.3.0f1 (c7b5465681fb)
[Subsystems] Discovering subsystems at path C:/Program Files/Unity/Hub/Editor/2020.3.0f1/Editor/Data/Resources/UnitySubsystems
[Subsystems] Discovering subsystems at path E:/BunnyJump/Assets
GfxDevice: creating device client; threaded=0
Direct3D:
    Version:  Direct3D 11.0 [level 11.1]
    Renderer: AMD Radeon(TM) R4 Graphics (ID=0x9851)
    Vendor:   
    VRAM:     1007 MB
    Driver:   21.19.128.7
Initialize mono
Mono path[0] = 'C:/Program Files/Unity/Hub/Editor/2020.3.0f1/Editor/Data/Managed'
Mono path[1] = 'C:/Program Files/Unity/Hub/Editor/2020.3.0f1/Editor/Data/MonoBleedingEdge/lib/mono/unityjit'
Mono config path = 'C:/Program Files/Unity/Hub/Editor/2020.3.0f1/Editor/Data/MonoBleedingEdge/etc'
Using monoOptions --debugger-agent=transport=dt_socket,embedding=1,server=y,suspend=n,address=127.0.0.1:56416
Begin MonoManager ReloadAssembly
Registering precompiled unity dll's ...
Register platform support module: C:/Program Files/Unity/Hub/Editor/2020.3.0f1/Editor/Data/PlaybackEngines/WindowsStandaloneSupport/UnityEditor.WindowsStandalone.Extensions.dll
Registered in 0.005934 seconds.
Native extension for WindowsStandalone target not found
Refreshing native plugins compatible for Editor in 126.33 ms, found 1 plugins.
Preloading 0 native plugins for Editor in 0.00 ms.
Invoked RoslynAnalysisRunner static constructor.
RoslynAnalysisRunner will not be running.
RoslynAnalysisRunner has terminated.
Mono: successfully reloaded assembly
- Completed reload, in  6.920 seconds
Platform modules already initialized, skipping
Registering precompiled user dll's ...
Registered in 0.002381 seconds.
Begin MonoManager ReloadAssembly
Native extension for WindowsStandalone target not found
Refreshing native plugins compatible for Editor in 129.65 ms, found 1 plugins.
Preloading 0 native plugins for Editor in 0.00 ms.
Invoked RoslynAnalysisRunner static constructor.
RoslynAnalysisRunner will not be running.
RoslynAnalysisRunner has terminated.
Mono: successfully reloaded assembly
- Completed reload, in  3.400 seconds
Platform modules already initialized, skipping
========================================================================
Worker process is ready to serve import requests
Launched and connected shader compiler UnityShaderCompiler.exe after 0.28 seconds
Refreshing native plugins compatible for Editor in 1.05 ms, found 1 plugins.
Preloading 0 native plugins for Editor in 0.00 ms.
Unloading 1815 Unused Serialized files (Serialized files now loaded: 0)
System memory in use before: 84.9 MB.
System memory in use after: 84.9 MB.

Unloading 24 unused Assets to reduce memory usage. Loaded Objects now: 2258.
Total: 7.576200 ms (FindLiveObjects: 0.743100 ms CreateObjectMapping: 0.168900 ms MarkObjects: 6.262700 ms  DeleteObjects: 0.395800 ms)

========================================================================
Received Import Request.
  path: Assets/Sprites/UIElements/64616 1.png
  artifactKey: Guid(77372f70c558e304c8212d8bd8160ea9) Importer(815301076,1909f56bfc062723c751e8b465ee728b)
Start importing Assets/Sprites/UIElements/64616 1.png using Guid(77372f70c558e304c8212d8bd8160ea9) Importer(815301076,1909f56bfc062723c751e8b465ee728b)  -> (artifact id: '30d84245fa326550d921199e583d5dd6') in 0.678056 seconds
  Import took 0.700332 seconds .

========================================================================
Received Import Request.
  Time since last request: 30.209773 seconds.
  path: Assets/Sprites/UIElements/64616 1.prefab
  artifactKey: Guid(82c0d82eec9b7024382d9e8b1f268379) Importer(815301076,1909f56bfc062723c751e8b465ee728b)
Start importing Assets/Sprites/UIElements/64616 1.prefab using Guid(82c0d82eec9b7024382d9e8b1f268379) Importer(815301076,1909f56bfc062723c751e8b465ee728b)  -> (artifact id: '5a3c83b50e2ac918da7d0733b119051f') in 0.274552 seconds
  Import took 0.296947 seconds .

========================================================================
Received Import Request.
  Time since last request: 0.045512 seconds.
  path: Assets/Sprites/UIElements/64616 1.prefab
  artifactKey: Guid(82c0d82eec9b7024382d9e8b1f268379) Importer(815301076,1909f56bfc062723c751e8b465ee728b)
Start importing Assets/Sprites/UIElements/64616 1.prefab using Guid(82c0d82eec9b7024382d9e8b1f268379) Importer(815301076,1909f56bfc062723c751e8b465ee728b)  -> (artifact id: '5a3c83b50e2ac918da7d0733b119051f') in 0.050599 seconds
  Import took 0.061834 seconds .

========================================================================
Received Import Request.
  Time since last request: 222.800230 seconds.
  path: Assets/Sprites/UIElements/64616left.PNG
  artifactKey: Guid(8fa57dbb56e67d74b9dd0f1ac030e1a6) Importer(815301076,1909f56bfc062723c751e8b465ee728b)
Start importing Assets/Sprites/UIElements/64616left.PNG using Guid(8fa57dbb56e67d74b9dd0f1ac030e1a6) Importer(815301076,1909f56bfc062723c751e8b465ee728b)  -> (artifact id: '87f6f53fdf80481c49cdfd2e176ce31c') in 0.060843 seconds
  Import took 0.085857 seconds .

========================================================================
Received Import Request.
  Time since last request: 388.106742 seconds.
  path: Assets/Sprites/UIElements/64616 1.png
  artifactKey: Guid(77372f70c558e304c8212d8bd8160ea9) Importer(815301076,1909f56bfc062723c751e8b465ee728b)
Start importing Assets/Sprites/UIElements/64616 1.png using Guid(77372f70c558e304c8212d8bd8160ea9) Importer(815301076,1909f56bfc062723c751e8b465ee728b)  -> (artifact id: '52d7ef26d14ecf4257421d904a931c10') in 0.039359 seconds
  Import took 0.060315 seconds .

========================================================================
Received Import Request.
  Time since last request: 0.013122 seconds.
  path: Assets/Sprites/UIElements/64616 1.png
  artifactKey: Guid(77372f70c558e304c8212d8bd8160ea9) Importer(815301076,1909f56bfc062723c751e8b465ee728b)
Start importing Assets/Sprites/UIElements/64616 1.png using Guid(77372f70c558e304c8212d8bd8160ea9) Importer(815301076,1909f56bfc062723c751e8b465ee728b)  -> (artifact id: '52d7ef26d14ecf4257421d904a931c10') in 0.039069 seconds
  Import took 0.049296 seconds .

========================================================================
Received Import Request.
  Time since last request: 34.901011 seconds.
  path: Assets/Sprites/UIElements/left.png
  artifactKey: Guid(77372f70c558e304c8212d8bd8160ea9) Importer(815301076,1909f56bfc062723c751e8b465ee728b)
Start importing Assets/Sprites/UIElements/left.png using Guid(77372f70c558e304c8212d8bd8160ea9) Importer(815301076,1909f56bfc062723c751e8b465ee728b)  -> (artifact id: 'a3024b073f7eea6166616b6713543675') in 0.046605 seconds
  Import took 0.101705 seconds .

========================================================================
Received Import Request.
  Time since last request: 7.316345 seconds.
  path: Assets/Sprites/UIElements/right.png
  artifactKey: Guid(e544018d38140b4428ae53f05fddf5e7) Importer(815301076,1909f56bfc062723c751e8b465ee728b)
Start importing Assets/Sprites/UIElements/right.png using Guid(e544018d38140b4428ae53f05fddf5e7) Importer(815301076,1909f56bfc062723c751e8b465ee728b)  -> (artifact id: 'ccc25dd372fee1a94ffc0b272027f032') in 0.045080 seconds
  Import took 0.063949 seconds .

========================================================================
Received Import Request.
  Time since last request: 0.021462 seconds.
  path: Assets/Sprites/UIElements/right.png
  artifactKey: Guid(e544018d38140b4428ae53f05fddf5e7) Importer(815301076,1909f56bfc062723c751e8b465ee728b)
Start importing Assets/Sprites/UIElements/right.png using Guid(e544018d38140b4428ae53f05fddf5e7) Importer(815301076,1909f56bfc062723c751e8b465ee728b)  -> (artifact id: 'ccc25dd372fee1a94ffc0b272027f032') in 0.041737 seconds
  Import took 0.050620 seconds .

========================================================================
Received Prepare
Registering precompiled user dll's ...
Registered in 0.002461 seconds.
Begin MonoManager ReloadAssembly
Native extension for WindowsStandalone target not found
Refreshing native plugins compatible for Editor in 1.15 ms, found 1 plugins.
Preloading 0 native plugins for Editor in 0.00 ms.
Invoked RoslynAnalysisRunner static constructor.
RoslynAnalysisRunner will not be running.
RoslynAnalysisRunner has terminated.
Mono: successfully reloaded assembly
- Completed reload, in  3.168 seconds
Platform modules already initialized, skipping
Switching build target platform(5) subTarget(0) extendedPlatform(0) -> platform(13) subTarget(537395200) extendedPlatform(0)
Refreshing native plugins compatible for Editor in 1.15 ms, found 1 plugins.
Preloading 0 native plugins for Editor in 0.00 ms.
Unloading 1813 Unused Serialized files (Serialized files now loaded: 0)
System memory in use before: 88.0 MB.
System memory in use after: 88.0 MB.

Unloading 12 unused Assets to reduce memory usage. Loaded Objects now: 2271.
Total: 6.584700 ms (FindLiveObjects: 0.871600 ms CreateObjectMapping: 0.199700 ms MarkObjects: 5.153700 ms  DeleteObjects: 0.355500 ms)

AssetImportParameters requested are different than current active one (requested -> active):
  custom:graphics/normal-map-encoding: 01000000000000000000000000000000 -> 02000000000000000000000000000000
========================================================================
Received Prepare
Refreshing native plugins compatible for Editor in 4.12 ms, found 1 plugins.
Preloading 0 native plugins for Editor in 0.00 ms.
Unloading 10 Unused Serialized files (Serialized files now loaded: 0)
System memory in use before: 52.5 MB.
System memory in use after: 52.4 MB.

Unloading 10 unused Assets to reduce memory usage. Loaded Objects now: 2271.
Total: 6.779200 ms (FindLiveObjects: 0.670000 ms CreateObjectMapping: 0.147800 ms MarkObjects: 5.616100 ms  DeleteObjects: 0.341100 ms)

========================================================================
Received Prepare
Refreshing native plugins compatible for Editor in 3.90 ms, found 1 plugins.
Preloading 0 native plugins for Editor in 0.00 ms.
Unloading 10 Unused Serialized files (Serialized files now loaded: 0)
System memory in use before: 52.5 MB.
System memory in use after: 52.5 MB.

Unloading 10 unused Assets to reduce memory usage. Loaded Objects now: 2271.
Total: 6.851200 ms (FindLiveObjects: 0.758700 ms CreateObjectMapping: 0.195600 ms MarkObjects: 5.572600 ms  DeleteObjects: 0.319500 ms)

========================================================================
Received Prepare
Registering precompiled user dll's ...
Registered in 0.002183 seconds.
Begin MonoManager ReloadAssembly
Native extension for WindowsStandalone target not found
Refreshing native plugins compatible for Editor in 1.07 ms, found 1 plugins.
Preloading 0 native plugins for Editor in 0.00 ms.
Invoked RoslynAnalysisRunner static constructor.
RoslynAnalysisRunner will not be running.
RoslynAnalysisRunner has terminated.
Mono: successfully reloaded assembly
- Completed reload, in  4.403 seconds
Platform modules already initialized, skipping
Switching build target platform(5) subTarget(0) extendedPlatform(0) -> platform(13) subTarget(537395200) extendedPlatform(0)
Refreshing native plugins compatible for Editor in 1.12 ms, found 1 plugins.
Preloading 0 native plugins for Editor in 0.00 ms.
Unloading 1813 Unused Serialized files (Serialized files now loaded: 0)
System memory in use before: 88.1 MB.
System memory in use after: 88.0 MB.

Unloading 12 unused Assets to reduce memory usage. Loaded Objects now: 2275.
Total: 7.106500 ms (FindLiveObjects: 1.011300 ms CreateObjectMapping: 0.236500 ms MarkObjects: 5.480300 ms  DeleteObjects: 0.373600 ms)

AssetImportParameters requested are different than current active one (requested -> active):
  custom:graphics/normal-map-encoding: 01000000000000000000000000000000 -> 02000000000000000000000000000000
AssetImportWorkerClient::OnTransportError - code=10054 error=Удаленный хост принудительно разорвал существующее подключение.
